2021-05-24 07:42:02.564  INFO 6572 --- [restartedMain] c.a.p.a.a.PhotoAppApiAlbumsApplication   : Starting PhotoAppApiAlbumsApplication using Java 15.0.1 on DESKTOP-N8A3LIT with PID 6572 (C:\Users\User\Workspaces\2Microservice\PhotoAppApiAlbums\target\classes started by User in C:\Users\User\Workspaces\2Microservice\PhotoAppApiAlbums)
2021-05-24 07:42:02.600  INFO 6572 --- [restartedMain] c.a.p.a.a.PhotoAppApiAlbumsApplication   : No active profile set, falling back to default profiles: default
2021-05-24 07:42:02.887  INFO 6572 --- [restartedMain] .e.DevToolsPropertyDefaultsPostProcessor : Devtools property defaults active! Set 'spring.devtools.add-properties' to 'false' to disable
2021-05-24 07:42:02.888  INFO 6572 --- [restartedMain] .e.DevToolsPropertyDefaultsPostProcessor : For additional web related logging consider setting the 'logging.level.web' property to 'DEBUG'
2021-05-24 07:42:05.624  INFO 6572 --- [restartedMain] o.s.cloud.context.scope.GenericScope     : BeanFactory id=ee77aa7b-757f-3ece-8aba-b96478b1e00b
2021-05-24 07:42:06.792  INFO 6572 --- [restartedMain] o.s.b.w.embedded.tomcat.TomcatWebServer  : Tomcat initialized with port(s): 0 (http)
2021-05-24 07:42:06.809  INFO 6572 --- [restartedMain] o.apache.catalina.core.StandardService   : Starting service [Tomcat]
2021-05-24 07:42:06.810  INFO 6572 --- [restartedMain] org.apache.catalina.core.StandardEngine  : Starting Servlet engine: [Apache Tomcat/9.0.45]
2021-05-24 07:42:07.184  INFO 6572 --- [restartedMain] o.a.c.c.C.[Tomcat].[localhost].[/]       : Initializing Spring embedded WebApplicationContext
2021-05-24 07:42:07.186  INFO 6572 --- [restartedMain] w.s.c.ServletWebServerApplicationContext : Root WebApplicationContext: initialization completed in 4296 ms
2021-05-24 07:42:08.426  INFO 6572 --- [restartedMain] o.s.s.concurrent.ThreadPoolTaskExecutor  : Initializing ExecutorService 'applicationTaskExecutor'
2021-05-24 07:42:09.674  INFO 6572 --- [restartedMain] o.s.b.d.a.OptionalLiveReloadServer       : LiveReload server is running on port 35729
2021-05-24 07:42:09.976  INFO 6572 --- [restartedMain] DiscoveryClientOptionalArgsConfiguration : Eureka HTTP Client uses RestTemplate.
2021-05-24 07:42:10.074  WARN 6572 --- [restartedMain] iguration$LoadBalancerCaffeineWarnLogger : Spring Cloud LoadBalancer is currently working with the default cache. You can switch to using Caffeine cache, by adding it and org.springframework.cache.caffeine.CaffeineCacheManager to the classpath.
2021-05-24 07:42:10.085  INFO 6572 --- [restartedMain] o.s.b.a.e.web.EndpointLinksResolver      : Exposing 2 endpoint(s) beneath base path '/actuator'
2021-05-24 07:42:10.246  INFO 6572 --- [restartedMain] o.s.b.w.embedded.tomcat.TomcatWebServer  : Tomcat started on port(s): 64546 (http) with context path ''
2021-05-24 07:42:10.248  INFO 6572 --- [restartedMain] .s.c.n.e.s.EurekaAutoServiceRegistration : Updating port to 64546
2021-05-24 07:42:10.256  INFO 6572 --- [restartedMain] o.s.c.n.eureka.InstanceInfoFactory       : Setting initial instance status as: STARTING
2021-05-24 07:42:10.336  INFO 6572 --- [restartedMain] com.netflix.discovery.DiscoveryClient    : Initializing Eureka in region us-east-1
2021-05-24 07:42:10.346  INFO 6572 --- [restartedMain] c.n.d.s.r.aws.ConfigClusterResolver      : Resolving eureka endpoints via configuration
2021-05-24 07:42:10.423  INFO 6572 --- [restartedMain] com.netflix.discovery.DiscoveryClient    : Disable delta property : false
2021-05-24 07:42:10.423  INFO 6572 --- [restartedMain] com.netflix.discovery.DiscoveryClient    : Single vip registry refresh property : null
2021-05-24 07:42:10.424  INFO 6572 --- [restartedMain] com.netflix.discovery.DiscoveryClient    : Force full registry fetch : false
2021-05-24 07:42:10.424  INFO 6572 --- [restartedMain] com.netflix.discovery.DiscoveryClient    : Application is null : false
2021-05-24 07:42:10.424  INFO 6572 --- [restartedMain] com.netflix.discovery.DiscoveryClient    : Registered Applications size is zero : true
2021-05-24 07:42:10.425  INFO 6572 --- [restartedMain] com.netflix.discovery.DiscoveryClient    : Application version is -1: true
2021-05-24 07:42:10.425  INFO 6572 --- [restartedMain] com.netflix.discovery.DiscoveryClient    : Getting all instance registry info from the eureka server
2021-05-24 07:42:11.046  INFO 6572 --- [restartedMain] com.netflix.discovery.DiscoveryClient    : The response status is 200
2021-05-24 07:42:11.054  INFO 6572 --- [restartedMain] com.netflix.discovery.DiscoveryClient    : Starting heartbeat executor: renew interval is: 30
2021-05-24 07:42:11.063  INFO 6572 --- [restartedMain] c.n.discovery.InstanceInfoReplicator     : InstanceInfoReplicator onDemand update allowed rate per min is 4
2021-05-24 07:42:11.081  INFO 6572 --- [restartedMain] com.netflix.discovery.DiscoveryClient    : Discovery Client initialized at timestamp 1621834931080 with initial instances count: 1
2021-05-24 07:42:11.083  INFO 6572 --- [restartedMain] o.s.c.n.e.s.EurekaServiceRegistry        : Registering application ALBUMS-WS with eureka with status UP
2021-05-24 07:42:11.084  INFO 6572 --- [restartedMain] com.netflix.discovery.DiscoveryClient    : Saw local status change event StatusChangeEvent [timestamp=1621834931084, current=UP, previous=STARTING]
2021-05-24 07:42:11.087  INFO 6572 --- [DiscoveryClient-InstanceInfoReplicator-0] com.netflix.discovery.DiscoveryClient    : DiscoveryClient_ALBUMS-WS/albums-ws:ba1295279196f919dc15c5966f4faaa2: registering service...
2021-05-24 07:42:11.326  INFO 6572 --- [DiscoveryClient-InstanceInfoReplicator-0] com.netflix.discovery.DiscoveryClient    : DiscoveryClient_ALBUMS-WS/albums-ws:ba1295279196f919dc15c5966f4faaa2 - registration status: 204
2021-05-24 07:42:11.735  INFO 6572 --- [RMI TCP Connection(3)-127.0.0.1] o.a.c.c.C.[Tomcat].[localhost].[/]       : Initializing Spring DispatcherServlet 'dispatcherServlet'
2021-05-24 07:42:11.735  INFO 6572 --- [RMI TCP Connection(3)-127.0.0.1] o.s.web.servlet.DispatcherServlet        : Initializing Servlet 'dispatcherServlet'
2021-05-24 07:42:11.738  INFO 6572 --- [RMI TCP Connection(3)-127.0.0.1] o.s.web.servlet.DispatcherServlet        : Completed initialization in 3 ms
2021-05-24 07:42:11.846  INFO 6572 --- [restartedMain] c.a.p.a.a.PhotoAppApiAlbumsApplication   : Started PhotoAppApiAlbumsApplication in 10.58 seconds (JVM running for 12.578)
2021-05-24 07:44:41.010  INFO 6572 --- [http-nio-auto-1-exec-1] c.a.p.a.a.i.c.AlbumsController           : Returning 2 albums
2021-05-24 07:47:10.432  INFO 6572 --- [AsyncResolver-bootstrap-executor-0] c.n.d.s.r.aws.ConfigClusterResolver      : Resolving eureka endpoints via configuration
2021-05-24 07:52:10.437  INFO 6572 --- [AsyncResolver-bootstrap-executor-0] c.n.d.s.r.aws.ConfigClusterResolver      : Resolving eureka endpoints via configuration
2021-05-24 07:57:10.451  INFO 6572 --- [AsyncResolver-bootstrap-executor-0] c.n.d.s.r.aws.ConfigClusterResolver      : Resolving eureka endpoints via configuration
2021-05-24 08:02:10.459  INFO 6572 --- [AsyncResolver-bootstrap-executor-0] c.n.d.s.r.aws.ConfigClusterResolver      : Resolving eureka endpoints via configuration
2021-05-24 08:07:10.463  INFO 6572 --- [AsyncResolver-bootstrap-executor-0] c.n.d.s.r.aws.ConfigClusterResolver      : Resolving eureka endpoints via configuration
2021-05-24 08:12:10.466  INFO 6572 --- [AsyncResolver-bootstrap-executor-0] c.n.d.s.r.aws.ConfigClusterResolver      : Resolving eureka endpoints via configuration
2021-05-24 08:13:30.714  INFO 6572 --- [RMI TCP Connection(40)-127.0.0.1] inMXBeanRegistrar$SpringApplicationAdmin : Application shutdown requested.
2021-05-24 08:13:30.726  INFO 6572 --- [RMI TCP Connection(40)-127.0.0.1] o.s.c.n.e.s.EurekaServiceRegistry        : Unregistering application ALBUMS-WS with eureka with status DOWN
2021-05-24 08:13:30.727  INFO 6572 --- [RMI TCP Connection(40)-127.0.0.1] com.netflix.discovery.DiscoveryClient    : Saw local status change event StatusChangeEvent [timestamp=1621836810727, current=DOWN, previous=UP]
2021-05-24 08:13:30.731  INFO 6572 --- [DiscoveryClient-InstanceInfoReplicator-0] com.netflix.discovery.DiscoveryClient    : DiscoveryClient_ALBUMS-WS/albums-ws:ba1295279196f919dc15c5966f4faaa2: registering service...
2021-05-24 08:13:30.746  INFO 6572 --- [DiscoveryClient-InstanceInfoReplicator-0] com.netflix.discovery.DiscoveryClient    : DiscoveryClient_ALBUMS-WS/albums-ws:ba1295279196f919dc15c5966f4faaa2 - registration status: 204
2021-05-24 08:13:30.959  INFO 6572 --- [RMI TCP Connection(40)-127.0.0.1] o.s.s.concurrent.ThreadPoolTaskExecutor  : Shutting down ExecutorService 'applicationTaskExecutor'
2021-05-24 08:13:30.965  INFO 6572 --- [RMI TCP Connection(40)-127.0.0.1] com.netflix.discovery.DiscoveryClient    : Shutting down DiscoveryClient ...
2021-05-24 08:13:33.993  INFO 6572 --- [RMI TCP Connection(40)-127.0.0.1] com.netflix.discovery.DiscoveryClient    : Unregistering ...
2021-05-24 08:13:34.012  INFO 6572 --- [RMI TCP Connection(40)-127.0.0.1] com.netflix.discovery.DiscoveryClient    : DiscoveryClient_ALBUMS-WS/albums-ws:ba1295279196f919dc15c5966f4faaa2 - deregister  status: 200
2021-05-24 08:13:34.159  INFO 6572 --- [RMI TCP Connection(40)-127.0.0.1] com.netflix.discovery.DiscoveryClient    : Completed shut down of DiscoveryClient
