2021-05-24 07:42:36.610  INFO [users-ws,,] 17268 --- [restartedMain] p.api.users.PhotoAppApiUsersApplication  : Starting PhotoAppApiUsersApplication using Java 15.0.1 on DESKTOP-N8A3LIT with PID 17268 (C:\Users\User\Workspaces\2Microservice\PhotoAppApiUsers\target\classes started by User in C:\Users\User\Workspaces\2Microservice\PhotoAppApiUsers)
2021-05-24 07:42:36.620  INFO [users-ws,,] 17268 --- [restartedMain] p.api.users.PhotoAppApiUsersApplication  : No active profile set, falling back to default profiles: default
2021-05-24 07:42:36.775  INFO [users-ws,,] 17268 --- [restartedMain] o.s.b.context.config.ConfigDataLoader    : Fetching config from server at : http://localhost:8012
2021-05-24 07:42:36.776  INFO [users-ws,,] 17268 --- [restartedMain] o.s.b.context.config.ConfigDataLoader    : Located environment: name=users-ws, profiles=[default], label=null, version=null, state=null
2021-05-24 07:42:36.779  INFO [users-ws,,] 17268 --- [restartedMain] .e.DevToolsPropertyDefaultsPostProcessor : Devtools property defaults active! Set 'spring.devtools.add-properties' to 'false' to disable
2021-05-24 07:42:36.780  INFO [users-ws,,] 17268 --- [restartedMain] .e.DevToolsPropertyDefaultsPostProcessor : For additional web related logging consider setting the 'logging.level.web' property to 'DEBUG'
2021-05-24 07:42:39.300  INFO [users-ws,,] 17268 --- [restartedMain] .s.d.r.c.RepositoryConfigurationDelegate : Bootstrapping Spring Data JPA repositories in DEFAULT mode.
2021-05-24 07:42:39.727  INFO [users-ws,,] 17268 --- [restartedMain] .s.d.r.c.RepositoryConfigurationDelegate : Finished Spring Data repository scanning in 415 ms. Found 1 JPA repository interfaces.
2021-05-24 07:42:40.928  INFO [users-ws,,] 17268 --- [restartedMain] o.s.cloud.context.scope.GenericScope     : BeanFactory id=ceb6f59f-48cc-33da-a348-d550be312af0
2021-05-24 07:42:40.969  INFO [users-ws,,] 17268 --- [restartedMain] o.s.c.a.ConfigurationClassEnhancer       : @Bean method FunctionConfiguration.po is non-static and returns an object assignable to Spring's BeanFactoryPostProcessor interface. This will result in a failure to process annotations such as @Autowired, @Resource and @PostConstruct within the method's declaring @Configuration class. Add the 'static' modifier to this method to avoid these container lifecycle issues; see @Bean javadoc for complete details.
2021-05-24 07:42:41.008  INFO [users-ws,,] 17268 --- [restartedMain] faultConfiguringBeanFactoryPostProcessor : No bean named 'errorChannel' has been explicitly defined. Therefore, a default PublishSubscribeChannel will be created.
2021-05-24 07:42:41.020  INFO [users-ws,,] 17268 --- [restartedMain] faultConfiguringBeanFactoryPostProcessor : No bean named 'taskScheduler' has been explicitly defined. Therefore, a default ThreadPoolTaskScheduler will be created.
2021-05-24 07:42:41.027  INFO [users-ws,,] 17268 --- [restartedMain] faultConfiguringBeanFactoryPostProcessor : No bean named 'integrationHeaderChannelRegistry' has been explicitly defined. Therefore, a default DefaultHeaderChannelRegistry will be created.
2021-05-24 07:42:41.661  INFO [users-ws,,] 17268 --- [restartedMain] trationDelegate$BeanPostProcessorChecker : Bean 'org.springframework.cloud.stream.config.BindersHealthIndicatorAutoConfiguration' of type [org.springframework.cloud.stream.config.BindersHealthIndicatorAutoConfiguration$$EnhancerBySpringCGLIB$$b518e382] is not eligible for getting processed by all BeanPostProcessors (for example: not eligible for auto-proxying)
2021-05-24 07:42:41.681  INFO [users-ws,,] 17268 --- [restartedMain] trationDelegate$BeanPostProcessorChecker : Bean 'bindersHealthContributor' of type [org.springframework.cloud.stream.config.BindersHealthIndicatorAutoConfiguration$BindersHealthContributor] is not eligible for getting processed by all BeanPostProcessors (for example: not eligible for auto-proxying)
2021-05-24 07:42:41.722  INFO [users-ws,,] 17268 --- [restartedMain] trationDelegate$BeanPostProcessorChecker : Bean 'bindersHealthIndicatorListener' of type [org.springframework.cloud.stream.config.BindersHealthIndicatorAutoConfiguration$BindersHealthIndicatorListener] is not eligible for getting processed by all BeanPostProcessors (for example: not eligible for auto-proxying)
2021-05-24 07:42:41.788  INFO [users-ws,,] 17268 --- [restartedMain] trationDelegate$BeanPostProcessorChecker : Bean 'org.springframework.integration.config.IntegrationManagementConfiguration' of type [org.springframework.integration.config.IntegrationManagementConfiguration] is not eligible for getting processed by all BeanPostProcessors (for example: not eligible for auto-proxying)
2021-05-24 07:42:41.808  INFO [users-ws,,] 17268 --- [restartedMain] trationDelegate$BeanPostProcessorChecker : Bean 'org.springframework.boot.autoconfigure.integration.IntegrationAutoConfiguration$IntegrationJmxConfiguration' of type [org.springframework.boot.autoconfigure.integration.IntegrationAutoConfiguration$IntegrationJmxConfiguration] is not eligible for getting processed by all BeanPostProcessors (for example: not eligible for auto-proxying)
2021-05-24 07:42:41.834  INFO [users-ws,,] 17268 --- [restartedMain] trationDelegate$BeanPostProcessorChecker : Bean 'org.springframework.boot.autoconfigure.jmx.JmxAutoConfiguration' of type [org.springframework.boot.autoconfigure.jmx.JmxAutoConfiguration] is not eligible for getting processed by all BeanPostProcessors (for example: not eligible for auto-proxying)
2021-05-24 07:42:41.860  INFO [users-ws,,] 17268 --- [restartedMain] trationDelegate$BeanPostProcessorChecker : Bean 'mbeanServer' of type [com.sun.jmx.mbeanserver.JmxMBeanServer] is not eligible for getting processed by all BeanPostProcessors (for example: not eligible for auto-proxying)
2021-05-24 07:42:41.945  INFO [users-ws,,] 17268 --- [restartedMain] trationDelegate$BeanPostProcessorChecker : Bean 'integrationChannelResolver' of type [org.springframework.integration.support.channel.BeanFactoryChannelResolver] is not eligible for getting processed by all BeanPostProcessors (for example: not eligible for auto-proxying)
2021-05-24 07:42:41.954  INFO [users-ws,,] 17268 --- [restartedMain] trationDelegate$BeanPostProcessorChecker : Bean 'integrationDisposableAutoCreatedBeans' of type [org.springframework.integration.config.annotation.Disposables] is not eligible for getting processed by all BeanPostProcessors (for example: not eligible for auto-proxying)
2021-05-24 07:42:43.695  INFO [users-ws,,] 17268 --- [restartedMain] o.s.b.w.embedded.tomcat.TomcatWebServer  : Tomcat initialized with port(s): 0 (http)
2021-05-24 07:42:43.714  INFO [users-ws,,] 17268 --- [restartedMain] o.apache.catalina.core.StandardService   : Starting service [Tomcat]
2021-05-24 07:42:43.716  INFO [users-ws,,] 17268 --- [restartedMain] org.apache.catalina.core.StandardEngine  : Starting Servlet engine: [Apache Tomcat/9.0.45]
2021-05-24 07:42:43.980  INFO [users-ws,,] 17268 --- [restartedMain] o.a.c.c.C.[Tomcat].[localhost].[/]       : Initializing Spring embedded WebApplicationContext
2021-05-24 07:42:43.981  INFO [users-ws,,] 17268 --- [restartedMain] w.s.c.ServletWebServerApplicationContext : Root WebApplicationContext: initialization completed in 7198 ms
2021-05-24 07:42:44.357  WARN [users-ws,,] 17268 --- [restartedMain] c.n.c.sources.URLConfigurationSource     : No URLs will be polled as dynamic configuration sources.
2021-05-24 07:42:44.358  INFO [users-ws,,] 17268 --- [restartedMain] c.n.c.sources.URLConfigurationSource     : To enable URLs as dynamic configuration sources, define System property archaius.configurationSource.additionalUrls or make config.properties available on classpath.
2021-05-24 07:42:44.397  INFO [users-ws,,] 17268 --- [restartedMain] c.netflix.config.DynamicPropertyFactory  : DynamicPropertyFactory is initialized with configuration sources: com.netflix.config.ConcurrentCompositeConfiguration@2be9d558
2021-05-24 07:42:44.849  INFO [users-ws,,] 17268 --- [restartedMain] com.zaxxer.hikari.HikariDataSource       : HikariPool-1 - Starting...
2021-05-24 07:42:45.896  INFO [users-ws,,] 17268 --- [restartedMain] com.zaxxer.hikari.HikariDataSource       : HikariPool-1 - Start completed.
2021-05-24 07:42:45.926  INFO [users-ws,,] 17268 --- [restartedMain] o.s.b.a.h2.H2ConsoleAutoConfiguration    : H2 console available at '/h2-console'. Database available at 'jdbc:mysql://localhost:3306/photo_app?serverTimezone=UTC'
2021-05-24 07:42:47.725  WARN [users-ws,,] 17268 --- [restartedMain] o.s.c.s.a.z.ZipkinAutoConfiguration      : Check result of the [RestTemplateSender{http://localhost:9411/api/v2/spans}] contains an error [CheckResult{ok=false, error=org.springframework.web.client.ResourceAccessException: I/O error on POST request for "http://localhost:9411/api/v2/spans": Connect timed out; nested exception is java.net.SocketTimeoutException: Connect timed out}]
2021-05-24 07:42:50.113  INFO [users-ws,,] 17268 --- [restartedMain] o.s.s.c.ThreadPoolTaskScheduler          : Initializing ExecutorService 'taskScheduler'
2021-05-24 07:42:50.595  INFO [users-ws,,] 17268 --- [restartedMain] o.hibernate.jpa.internal.util.LogHelper  : HHH000204: Processing PersistenceUnitInfo [name: default]
2021-05-24 07:42:50.745  INFO [users-ws,,] 17268 --- [restartedMain] org.hibernate.Version                    : HHH000412: Hibernate ORM core version 5.4.30.Final
2021-05-24 07:42:51.085  INFO [users-ws,,] 17268 --- [restartedMain] o.hibernate.annotations.common.Version   : HCANN000001: Hibernate Commons Annotations {5.1.2.Final}
2021-05-24 07:42:51.339  INFO [users-ws,,] 17268 --- [restartedMain] org.hibernate.dialect.Dialect            : HHH000400: Using dialect: org.hibernate.dialect.MySQL8Dialect
2021-05-24 07:42:53.194  INFO [users-ws,,] 17268 --- [restartedMain] o.h.e.t.j.p.i.JtaPlatformInitiator       : HHH000490: Using JtaPlatform implementation: [org.hibernate.engine.transaction.jta.platform.internal.NoJtaPlatform]
2021-05-24 07:42:53.219  INFO [users-ws,,] 17268 --- [restartedMain] j.LocalContainerEntityManagerFactoryBean : Initialized JPA EntityManagerFactory for persistence unit 'default'
2021-05-24 07:42:53.336  WARN [users-ws,,] 17268 --- [restartedMain] o.s.b.d.a.OptionalLiveReloadServer       : Unable to start LiveReload server
2021-05-24 07:42:54.335  WARN [users-ws,,] 17268 --- [restartedMain] JpaBaseConfiguration$JpaWebConfiguration : spring.jpa.open-in-view is enabled by default. Therefore, database queries may be performed during view rendering. Explicitly configure spring.jpa.open-in-view to disable this warning
2021-05-24 07:42:54.973  INFO [users-ws,,] 17268 --- [restartedMain] o.s.s.web.DefaultSecurityFilterChain     : Will secure any request with [org.springframework.security.web.context.request.async.WebAsyncManagerIntegrationFilter@19d04445, org.springframework.security.web.context.SecurityContextPersistenceFilter@4e700a5e, org.springframework.security.web.header.HeaderWriterFilter@640b71eb, org.springframework.security.web.authentication.logout.LogoutFilter@455b5acf, photoapp.api.users.security.AuthenticationFilter@1c5e739c, org.springframework.security.web.savedrequest.RequestCacheAwareFilter@4b1a5369, org.springframework.security.web.servletapi.SecurityContextHolderAwareRequestFilter@6668537f, org.springframework.security.web.authentication.AnonymousAuthenticationFilter@38530e45, org.springframework.security.web.session.SessionManagementFilter@1ccb3189, org.springframework.security.web.access.ExceptionTranslationFilter@d302b68, org.springframework.security.web.access.intercept.FilterSecurityInterceptor@2aa28a9a]
2021-05-24 07:42:55.045  WARN [users-ws,,] 17268 --- [restartedMain] c.n.c.sources.URLConfigurationSource     : No URLs will be polled as dynamic configuration sources.
2021-05-24 07:42:55.045  INFO [users-ws,,] 17268 --- [restartedMain] c.n.c.sources.URLConfigurationSource     : To enable URLs as dynamic configuration sources, define System property archaius.configurationSource.additionalUrls or make config.properties available on classpath.
2021-05-24 07:42:55.493  INFO [users-ws,,] 17268 --- [restartedMain] o.s.s.concurrent.ThreadPoolTaskExecutor  : Initializing ExecutorService 'applicationTaskExecutor'
2021-05-24 07:42:56.528  INFO [users-ws,,] 17268 --- [restartedMain] o.s.c.s.m.DirectWithAttributesChannel    : Channel 'users-ws.springCloudBusInput' has 1 subscriber(s).
2021-05-24 07:42:57.313  INFO [users-ws,,] 17268 --- [restartedMain] DiscoveryClientOptionalArgsConfiguration : Eureka HTTP Client uses RestTemplate.
2021-05-24 07:42:57.862  WARN [users-ws,,] 17268 --- [restartedMain] iguration$LoadBalancerCaffeineWarnLogger : Spring Cloud LoadBalancer is currently working with the default cache. You can switch to using Caffeine cache, by adding it and org.springframework.cache.caffeine.CaffeineCacheManager to the classpath.
2021-05-24 07:42:58.034  INFO [users-ws,,] 17268 --- [restartedMain] o.s.b.a.e.web.EndpointLinksResolver      : Exposing 23 endpoint(s) beneath base path '/actuator'
2021-05-24 07:42:58.062  INFO [users-ws,,] 17268 --- [RMI TCP Connection(5)-127.0.0.1] o.a.c.c.C.[Tomcat].[localhost].[/]       : Initializing Spring DispatcherServlet 'dispatcherServlet'
2021-05-24 07:42:58.062  INFO [users-ws,,] 17268 --- [RMI TCP Connection(5)-127.0.0.1] o.s.web.servlet.DispatcherServlet        : Initializing Servlet 'dispatcherServlet'
2021-05-24 07:42:58.074  INFO [users-ws,,] 17268 --- [RMI TCP Connection(5)-127.0.0.1] o.s.web.servlet.DispatcherServlet        : Completed initialization in 11 ms
2021-05-24 07:42:58.529  INFO [users-ws,,] 17268 --- [restartedMain] o.s.i.monitor.IntegrationMBeanExporter   : Registering MessageChannel errorChannel
2021-05-24 07:42:58.668  INFO [users-ws,,] 17268 --- [restartedMain] o.s.i.monitor.IntegrationMBeanExporter   : Registering MessageChannel springCloudBusInput
2021-05-24 07:42:58.708  INFO [users-ws,,] 17268 --- [restartedMain] o.s.i.monitor.IntegrationMBeanExporter   : Registering MessageChannel nullChannel
2021-05-24 07:42:58.729  INFO [users-ws,,] 17268 --- [restartedMain] o.s.i.monitor.IntegrationMBeanExporter   : Registering MessageHandler _org.springframework.integration.errorLogger
2021-05-24 07:42:58.889  INFO [users-ws,,] 17268 --- [restartedMain] o.s.i.endpoint.EventDrivenConsumer       : Adding {logging-channel-adapter:_org.springframework.integration.errorLogger} as a subscriber to the 'errorChannel' channel
2021-05-24 07:42:58.889  INFO [users-ws,,] 17268 --- [restartedMain] o.s.i.channel.PublishSubscribeChannel    : Channel 'users-ws.errorChannel' has 1 subscriber(s).
2021-05-24 07:42:58.890  INFO [users-ws,,] 17268 --- [restartedMain] o.s.i.endpoint.EventDrivenConsumer       : started bean '_org.springframework.integration.errorLogger'
2021-05-24 07:42:58.916  INFO [users-ws,,] 17268 --- [restartedMain] o.s.c.s.binder.DefaultBinderFactory      : Creating binder: rabbit
2021-05-24 07:42:59.407  INFO [users-ws,,] 17268 --- [restartedMain] o.s.b.context.config.ConfigDataLoader    : Fetching config from server at : http://localhost:8012
2021-05-24 07:42:59.407  INFO [users-ws,,] 17268 --- [restartedMain] o.s.b.context.config.ConfigDataLoader    : Located environment: name=users-ws, profiles=[default], label=null, version=null, state=null
2021-05-24 07:42:59.408  INFO [users-ws,,] 17268 --- [restartedMain] o.s.b.context.config.ConfigDataLoader    : Fetching config from server at : http://localhost:8012
2021-05-24 07:42:59.408  INFO [users-ws,,] 17268 --- [restartedMain] o.s.b.context.config.ConfigDataLoader    : Located environment: name=users-ws, profiles=[default], label=null, version=null, state=null
2021-05-24 07:42:59.572  INFO [users-ws,,] 17268 --- [restartedMain] o.s.c.s.binder.DefaultBinderFactory      : Caching the binder: rabbit
2021-05-24 07:42:59.573  INFO [users-ws,,] 17268 --- [restartedMain] o.s.c.s.binder.DefaultBinderFactory      : Retrieving cached binder: rabbit
2021-05-24 07:42:59.741  INFO [users-ws,,] 17268 --- [restartedMain] c.s.b.r.p.RabbitExchangeQueueProvisioner : declaring queue for inbound: springCloudBus.anonymous.1fVWDCt5RiqE_3Fln59c7w, bound to: springCloudBus
2021-05-24 07:42:59.749  INFO [users-ws,,] 17268 --- [restartedMain] o.s.a.r.c.CachingConnectionFactory       : Attempting to connect to: [localhost:5672]
2021-05-24 07:42:59.888  INFO [users-ws,,] 17268 --- [restartedMain] o.s.a.r.c.CachingConnectionFactory       : Created new connection: rabbitConnectionFactory#39a17f80:0/SimpleConnection@6011f3c2 [delegate=amqp://guest@127.0.0.1:5672/, localPort= 64602]
2021-05-24 07:42:59.968  INFO [users-ws,,] 17268 --- [restartedMain] o.s.c.stream.binder.BinderErrorChannel   : Channel 'springCloudBus.anonymous.1fVWDCt5RiqE_3Fln59c7w.errors' has 1 subscriber(s).
2021-05-24 07:42:59.970  INFO [users-ws,,] 17268 --- [restartedMain] o.s.c.stream.binder.BinderErrorChannel   : Channel 'springCloudBus.anonymous.1fVWDCt5RiqE_3Fln59c7w.errors' has 2 subscriber(s).
2021-05-24 07:42:59.997  INFO [users-ws,,] 17268 --- [restartedMain] o.s.i.a.i.AmqpInboundChannelAdapter      : started bean 'inbound.springCloudBus.anonymous.1fVWDCt5RiqE_3Fln59c7w'
2021-05-24 07:43:00.068  INFO [users-ws,,] 17268 --- [restartedMain] o.s.b.w.embedded.tomcat.TomcatWebServer  : Tomcat started on port(s): 64603 (http) with context path ''
2021-05-24 07:43:00.070  INFO [users-ws,,] 17268 --- [restartedMain] .s.c.n.e.s.EurekaAutoServiceRegistration : Updating port to 64603
2021-05-24 07:43:00.083  INFO [users-ws,,] 17268 --- [restartedMain] o.s.c.n.eureka.InstanceInfoFactory       : Setting initial instance status as: STARTING
2021-05-24 07:43:00.187  INFO [users-ws,,] 17268 --- [restartedMain] com.netflix.discovery.DiscoveryClient    : Initializing Eureka in region us-east-1
2021-05-24 07:43:00.196  INFO [users-ws,,] 17268 --- [restartedMain] c.n.d.s.r.aws.ConfigClusterResolver      : Resolving eureka endpoints via configuration
2021-05-24 07:43:00.270  INFO [users-ws,,] 17268 --- [restartedMain] com.netflix.discovery.DiscoveryClient    : Disable delta property : false
2021-05-24 07:43:00.270  INFO [users-ws,,] 17268 --- [restartedMain] com.netflix.discovery.DiscoveryClient    : Single vip registry refresh property : null
2021-05-24 07:43:00.270  INFO [users-ws,,] 17268 --- [restartedMain] com.netflix.discovery.DiscoveryClient    : Force full registry fetch : false
2021-05-24 07:43:00.270  INFO [users-ws,,] 17268 --- [restartedMain] com.netflix.discovery.DiscoveryClient    : Application is null : false
2021-05-24 07:43:00.270  INFO [users-ws,,] 17268 --- [restartedMain] com.netflix.discovery.DiscoveryClient    : Registered Applications size is zero : true
2021-05-24 07:43:00.270  INFO [users-ws,,] 17268 --- [restartedMain] com.netflix.discovery.DiscoveryClient    : Application version is -1: true
2021-05-24 07:43:00.270  INFO [users-ws,,] 17268 --- [restartedMain] com.netflix.discovery.DiscoveryClient    : Getting all instance registry info from the eureka server
2021-05-24 07:43:00.631  INFO [users-ws,,] 17268 --- [restartedMain] com.netflix.discovery.DiscoveryClient    : The response status is 200
2021-05-24 07:43:00.641  INFO [users-ws,,] 17268 --- [restartedMain] com.netflix.discovery.DiscoveryClient    : Starting heartbeat executor: renew interval is: 30
2021-05-24 07:43:00.651  INFO [users-ws,,] 17268 --- [restartedMain] c.n.discovery.InstanceInfoReplicator     : InstanceInfoReplicator onDemand update allowed rate per min is 4
2021-05-24 07:43:00.676  INFO [users-ws,,] 17268 --- [restartedMain] com.netflix.discovery.DiscoveryClient    : Discovery Client initialized at timestamp 1621834980665 with initial instances count: 2
2021-05-24 07:43:00.702  INFO [users-ws,,] 17268 --- [restartedMain] o.s.c.n.e.s.EurekaServiceRegistry        : Registering application USERS-WS with eureka with status UP
2021-05-24 07:43:00.703  INFO [users-ws,,] 17268 --- [restartedMain] com.netflix.discovery.DiscoveryClient    : Saw local status change event StatusChangeEvent [timestamp=1621834980703, current=UP, previous=STARTING]
2021-05-24 07:43:00.706  INFO [users-ws,,] 17268 --- [DiscoveryClient-InstanceInfoReplicator-0] com.netflix.discovery.DiscoveryClient    : DiscoveryClient_USERS-WS/users-ws:555b8366dbcf34d028a9a37ed82610e6: registering service...
2021-05-24 07:43:00.776  INFO [users-ws,,] 17268 --- [DiscoveryClient-InstanceInfoReplicator-0] com.netflix.discovery.DiscoveryClient    : DiscoveryClient_USERS-WS/users-ws:555b8366dbcf34d028a9a37ed82610e6 - registration status: 204
2021-05-24 07:43:01.399  INFO [users-ws,,] 17268 --- [restartedMain] o.s.i.monitor.IntegrationMBeanExporter   : Registering MessageChannel springCloudBus.anonymous.1fVWDCt5RiqE_3Fln59c7w.errors
2021-05-24 07:43:01.565  INFO [users-ws,,] 17268 --- [restartedMain] p.api.users.PhotoAppApiUsersApplication  : Started PhotoAppApiUsersApplication in 26.506 seconds (JVM running for 29.423)
2021-05-24 07:44:40.071  INFO [users-ws,254243ffdbbc4644,254243ffdbbc4644] 17268 --- [http-nio-auto-1-exec-1] p.api.users.service.UserServiceImpl      : BEFORE calling Albums Ms
2021-05-24 07:44:40.491 DEBUG [users-ws,254243ffdbbc4644,7e278309518773c2] 17268 --- [hystrix-HystrixCircuitBreakerFactory-1] p.api.users.data.AlbumsServiceClient     : [AlbumsServiceClient#getAlbums] ---> GET http://albums-ws/users/ac27e802-1fa8-4620-831d-b40e143f96f0/albums HTTP/1.1
2021-05-24 07:44:40.492 DEBUG [users-ws,254243ffdbbc4644,7e278309518773c2] 17268 --- [hystrix-HystrixCircuitBreakerFactory-1] p.api.users.data.AlbumsServiceClient     : [AlbumsServiceClient#getAlbums] ---> END HTTP (0-byte body)
2021-05-24 07:44:41.045 DEBUG [users-ws,254243ffdbbc4644,7e278309518773c2] 17268 --- [hystrix-HystrixCircuitBreakerFactory-1] p.api.users.data.AlbumsServiceClient     : [AlbumsServiceClient#getAlbums] <--- HTTP/1.1 200 (552ms)
2021-05-24 07:44:41.046 DEBUG [users-ws,254243ffdbbc4644,7e278309518773c2] 17268 --- [hystrix-HystrixCircuitBreakerFactory-1] p.api.users.data.AlbumsServiceClient     : [AlbumsServiceClient#getAlbums] connection: keep-alive
2021-05-24 07:44:41.046 DEBUG [users-ws,254243ffdbbc4644,7e278309518773c2] 17268 --- [hystrix-HystrixCircuitBreakerFactory-1] p.api.users.data.AlbumsServiceClient     : [AlbumsServiceClient#getAlbums] content-type: application/json
2021-05-24 07:44:41.046 DEBUG [users-ws,254243ffdbbc4644,7e278309518773c2] 17268 --- [hystrix-HystrixCircuitBreakerFactory-1] p.api.users.data.AlbumsServiceClient     : [AlbumsServiceClient#getAlbums] date: Mon, 24 May 2021 05:44:41 GMT
2021-05-24 07:44:41.046 DEBUG [users-ws,254243ffdbbc4644,7e278309518773c2] 17268 --- [hystrix-HystrixCircuitBreakerFactory-1] p.api.users.data.AlbumsServiceClient     : [AlbumsServiceClient#getAlbums] keep-alive: timeout=60
2021-05-24 07:44:41.047 DEBUG [users-ws,254243ffdbbc4644,7e278309518773c2] 17268 --- [hystrix-HystrixCircuitBreakerFactory-1] p.api.users.data.AlbumsServiceClient     : [AlbumsServiceClient#getAlbums] transfer-encoding: chunked
2021-05-24 07:44:41.047 DEBUG [users-ws,254243ffdbbc4644,7e278309518773c2] 17268 --- [hystrix-HystrixCircuitBreakerFactory-1] p.api.users.data.AlbumsServiceClient     : [AlbumsServiceClient#getAlbums] 
2021-05-24 07:44:41.049 DEBUG [users-ws,254243ffdbbc4644,7e278309518773c2] 17268 --- [hystrix-HystrixCircuitBreakerFactory-1] p.api.users.data.AlbumsServiceClient     : [AlbumsServiceClient#getAlbums] [{"albumId":"album1Id","userId":"ac27e802-1fa8-4620-831d-b40e143f96f0","name":"album 1 name","description":"album 1 description"},{"albumId":"album2Id","userId":"ac27e802-1fa8-4620-831d-b40e143f96f0","name":"album 2 name","description":"album 2 description"}]
2021-05-24 07:44:41.049 DEBUG [users-ws,254243ffdbbc4644,7e278309518773c2] 17268 --- [hystrix-HystrixCircuitBreakerFactory-1] p.api.users.data.AlbumsServiceClient     : [AlbumsServiceClient#getAlbums] <--- END HTTP (259-byte body)
2021-05-24 07:44:41.062  INFO [users-ws,254243ffdbbc4644,254243ffdbbc4644] 17268 --- [http-nio-auto-1-exec-1] p.api.users.service.UserServiceImpl      : AFTER calling Albums Ms
2021-05-24 07:44:42.737  WARN [users-ws,,] 17268 --- [AsyncReporter{RestTemplateSender{http://localhost:9411/api/v2/spans}}] z.r.AsyncReporter$BoundedAsyncReporter   : Spans were dropped due to exceptions. All subsequent errors will be logged at FINE level.
2021-05-24 07:44:42.752  WARN [users-ws,,] 17268 --- [AsyncReporter{RestTemplateSender{http://localhost:9411/api/v2/spans}}] z.r.AsyncReporter$BoundedAsyncReporter   : Dropped 3 spans due to ResourceAccessException(I/O error on POST request for "http://localhost:9411/api/v2/spans": Connect timed out; nested exception is java.net.SocketTimeoutException: Connect timed out)

org.springframework.web.client.ResourceAccessException: I/O error on POST request for "http://localhost:9411/api/v2/spans": Connect timed out; nested exception is java.net.SocketTimeoutException: Connect timed out
	at org.springframework.web.client.RestTemplate.doExecute(RestTemplate.java:785) ~[spring-web-5.3.6.jar:5.3.6]
	at org.springframework.cloud.sleuth.zipkin2.ZipkinRestTemplateWrapper.doExecute(ZipkinRestTemplateWrapper.java:69) ~[spring-cloud-sleuth-zipkin-3.0.2.jar:3.0.2]
	at org.springframework.web.client.RestTemplate.exchange(RestTemplate.java:660) ~[spring-web-5.3.6.jar:5.3.6]
	at org.springframework.cloud.sleuth.zipkin2.RestTemplateSender.post(RestTemplateSender.java:132) ~[spring-cloud-sleuth-zipkin-3.0.2.jar:3.0.2]
	at org.springframework.cloud.sleuth.zipkin2.RestTemplateSender$HttpPostCall.doExecute(RestTemplateSender.java:150) ~[spring-cloud-sleuth-zipkin-3.0.2.jar:3.0.2]
	at org.springframework.cloud.sleuth.zipkin2.RestTemplateSender$HttpPostCall.doExecute(RestTemplateSender.java:140) ~[spring-cloud-sleuth-zipkin-3.0.2.jar:3.0.2]
	at zipkin2.Call$Base.execute(Call.java:391) ~[zipkin-2.23.0.jar:na]
	at zipkin2.reporter.AsyncReporter$BoundedAsyncReporter.flush(AsyncReporter.java:299) ~[zipkin-reporter-2.16.1.jar:na]
	at zipkin2.reporter.AsyncReporter$Flusher.run(AsyncReporter.java:378) ~[zipkin-reporter-2.16.1.jar:na]
	at java.base/java.lang.Thread.run(Thread.java:832) ~[na:na]
Caused by: java.net.SocketTimeoutException: Connect timed out
	at java.base/sun.nio.ch.NioSocketImpl.timedFinishConnect(NioSocketImpl.java:546) ~[na:na]
	at java.base/sun.nio.ch.NioSocketImpl.connect(NioSocketImpl.java:597) ~[na:na]
	at java.base/java.net.Socket.connect(Socket.java:648) ~[na:na]
	at java.base/sun.net.NetworkClient.doConnect(NetworkClient.java:177) ~[na:na]
	at java.base/sun.net.www.http.HttpClient.openServer(HttpClient.java:474) ~[na:na]
	at java.base/sun.net.www.http.HttpClient.openServer(HttpClient.java:569) ~[na:na]
	at java.base/sun.net.www.http.HttpClient.<init>(HttpClient.java:242) ~[na:na]
	at java.base/sun.net.www.http.HttpClient.New(HttpClient.java:341) ~[na:na]
	at java.base/sun.net.www.http.HttpClient.New(HttpClient.java:362) ~[na:na]
	at java.base/sun.net.www.protocol.http.HttpURLConnection.getNewHttpClient(HttpURLConnection.java:1261) ~[na:na]
	at java.base/sun.net.www.protocol.http.HttpURLConnection.plainConnect0(HttpURLConnection.java:1194) ~[na:na]
	at java.base/sun.net.www.protocol.http.HttpURLConnection.plainConnect(HttpURLConnection.java:1082) ~[na:na]
	at java.base/sun.net.www.protocol.http.HttpURLConnection.connect(HttpURLConnection.java:1016) ~[na:na]
	at org.springframework.http.client.SimpleBufferingClientHttpRequest.executeInternal(SimpleBufferingClientHttpRequest.java:76) ~[spring-web-5.3.6.jar:5.3.6]
	at org.springframework.http.client.AbstractBufferingClientHttpRequest.executeInternal(AbstractBufferingClientHttpRequest.java:48) ~[spring-web-5.3.6.jar:5.3.6]
	at org.springframework.http.client.AbstractClientHttpRequest.execute(AbstractClientHttpRequest.java:66) ~[spring-web-5.3.6.jar:5.3.6]
	at org.springframework.web.client.RestTemplate.doExecute(RestTemplate.java:776) ~[spring-web-5.3.6.jar:5.3.6]
	... 9 common frames omitted

2021-05-24 07:48:00.285  INFO [users-ws,,] 17268 --- [AsyncResolver-bootstrap-executor-0] c.n.d.s.r.aws.ConfigClusterResolver      : Resolving eureka endpoints via configuration
2021-05-24 07:53:00.288  INFO [users-ws,,] 17268 --- [AsyncResolver-bootstrap-executor-0] c.n.d.s.r.aws.ConfigClusterResolver      : Resolving eureka endpoints via configuration
2021-05-24 07:58:00.291  INFO [users-ws,,] 17268 --- [AsyncResolver-bootstrap-executor-0] c.n.d.s.r.aws.ConfigClusterResolver      : Resolving eureka endpoints via configuration
2021-05-24 08:03:00.292  INFO [users-ws,,] 17268 --- [AsyncResolver-bootstrap-executor-0] c.n.d.s.r.aws.ConfigClusterResolver      : Resolving eureka endpoints via configuration
2021-05-24 08:08:00.303  INFO [users-ws,,] 17268 --- [AsyncResolver-bootstrap-executor-0] c.n.d.s.r.aws.ConfigClusterResolver      : Resolving eureka endpoints via configuration
